<?xml version="1.0" encoding="UTF-8"?>
<testsuite xmlns:xsi="http://www.w3.org/2001/XMLSchema-instance" xsi:noNamespaceSchemaLocation="https://maven.apache.org/surefire/maven-surefire-plugin/xsd/surefire-test-report-3.0.xsd" version="3.0" name="adapter.out.persistence.evento.EventoRepositoryJdbcTest" time="0.449" tests="4" errors="0" skipped="0" failures="0">
  <properties>
[...]
</properties>
  <testcase name="removeEvento" classname="adapter.out.persistence.evento.EventoRepositoryJdbcTest" time="0.287"/>
  <testcase name="listaTodosOrdenadosPeloInicio" classname="adapter.out.persistence.evento.EventoRepositoryJdbcTest" time="0.065"/>
  <testcase name="salvaEBuscaPorId" classname="adapter.out.persistence.evento.EventoRepositoryJdbcTest" time="0.05"/>
  <testcase name="buscaPorIdInexistenteRetornaVazio" classname="adapter.out.persistence.evento.EventoRepositoryJdbcTest" time="0.032"/>
</testsuite>